--------------------------------------------------------------------------------
      name:  <unnamed>
       log:  C:\Users\USUARIO\Desktop\Summer school\Trabajos\Replication_paper\r
> aw\replication_hla_base_tables.log
  log type:  text
 opened on:  25 Jun 2020, 22:48:29

. 
. #for this code to work it is necessary to declare the directory of the compute
> r where the database is located
Unknown #command

. cd "C:\Users\USUARIO\Desktop\Summer school\Trabajos\Replication_paper\raw" 
C:\Users\USUARIO\Desktop\Summer school\Trabajos\Replication_paper\raw

. 
. use "hla_country_web.dta", clear

. 
. local cont "europe africa asia americas"

. local base "ln_le60!=. & ln_hla_het!=. & ln_frac!=. & ln_abslat!=. & ln_arable
> !=. & ln_suitavg!=. & aa_ln_atd!=."

. local bc "ln_frac aa_ln_atd ln_arable ln_suitavg ln_abslat"

. qui log off
graph twoway (scatter ln_hla_het aa_mdist if europe==1) (scatter ln_hla_het aa_m
> dist if africa==1, msymbol(oh)) (scatter ln_hla_het aa_mdist if asia==1, msymb
> ol(S)) (scatter ln_hla_het aa_mdist if americas==1, msymbol(T)) (scatter ln_hl
> a_het aa_mdist if oceania==1, msymbol(Th)) || (lfit ln_hla_het aa_mdist) , leg
> end(label(1 European) label(2 African)label(3 Asia)  label(4 American) label(5
>  "Oceanianic/ No Majority")) graphregion(color(white)) bgcolor(white) xtitle("
> Migratory Distance from East Africa (Ancestry Adjusted)") ytitle("In HLA Heter
> ozygosity") ysc(r(-1.5 -1)) ylabel(-1.5(0.1)-1)

. qui log off
set more off

. log using "replication_hla_base_tables.log", replace
log file already open
r(604);

. 
. #for this code to work it is necessary to declare the directory of the compute
> r where the database is located
Unknown #command

. cd "C:\Users\USUARIO\Desktop\Summer school\Trabajos\Replication_paper\raw" 
C:\Users\USUARIO\Desktop\Summer school\Trabajos\Replication_paper\raw

. 
. use "hla_country_web.dta", clear

. 
. local cont "europe africa asia americas"

. local base "ln_le60!=. & ln_hla_het!=. & ln_frac!=. & ln_abslat!=. & ln_arable
> !=. & ln_suitavg!=. & aa_ln_atd!=."

. local bc "ln_frac aa_ln_atd ln_arable ln_suitavg ln_abslat"

. qui log off
reg ln_hla_het aa_ln_atd if aa_mdist!=. & `base' & ln_le60!=., rob

Linear regression                               Number of obs     =        131
                                                F(1, 129)         =       4.65
                                                Prob > F          =     0.0329
                                                R-squared         =     0.0217
                                                Root MSE          =     .06738

------------------------------------------------------------------------------
             |               Robust
  ln_hla_het |      Coef.   Std. Err.      t    P>|t|     [95% Conf. Interval]
-------------+----------------------------------------------------------------
   aa_ln_atd |   .0211444   .0098049     2.16   0.033     .0017451    .0405438
       _cons |  -1.326062    .084678   -15.66   0.000      -1.4936   -1.158525
------------------------------------------------------------------------------

. 
. reg ln_hla_het aa_ln_atd aa_mdist if aa_mdist!=. & ln_le60!=. & `base', rob

Linear regression                               Number of obs     =        131
                                                F(2, 128)         =      37.36
                                                Prob > F          =     0.0000
                                                R-squared         =     0.4265
                                                Root MSE          =     .05179

------------------------------------------------------------------------------
             |               Robust
  ln_hla_het |      Coef.   Std. Err.      t    P>|t|     [95% Conf. Interval]
-------------+----------------------------------------------------------------
   aa_ln_atd |   .0299843   .0086383     3.47   0.001     .0128921    .0470766
    aa_mdist |  -.0120634   .0014224    -8.48   0.000    -.0148779    -.009249
       _cons |  -1.321902   .0729942   -18.11   0.000    -1.466333    -1.17747
------------------------------------------------------------------------------

. 
. reg ln_hla_het aa_lanim if aa_mdist!=. & `base' & ln_le60!=., rob

Linear regression                               Number of obs     =         89
                                                F(1, 87)          =      17.05
                                                Prob > F          =     0.0001
                                                R-squared         =     0.1176
                                                Root MSE          =     .07228

------------------------------------------------------------------------------
             |               Robust
  ln_hla_het |      Coef.   Std. Err.      t    P>|t|     [95% Conf. Interval]
-------------+----------------------------------------------------------------
    aa_lanim |   .0266128   .0064443     4.13   0.000     .0138042    .0394215
       _cons |  -1.189394   .0126485   -94.03   0.000    -1.214534   -1.164254
------------------------------------------------------------------------------

. 
. reg ln_hla_het aa_lanim aa_mdist if aa_mdist!=. & `base' & ln_le60!=., rob

Linear regression                               Number of obs     =         89
                                                F(2, 86)          =      52.15
                                                Prob > F          =     0.0000
                                                R-squared         =     0.5968
                                                Root MSE          =     .04914

------------------------------------------------------------------------------
             |               Robust
  ln_hla_het |      Coef.   Std. Err.      t    P>|t|     [95% Conf. Interval]
-------------+----------------------------------------------------------------
    aa_lanim |   .0360532   .0050961     7.07   0.000     .0259225     .046184
    aa_mdist |   -.013321   .0014938    -8.92   0.000    -.0162905   -.0103515
       _cons |  -1.109316   .0107794  -102.91   0.000    -1.130745   -1.087888
------------------------------------------------------------------------------

. 
. reg ln_hla_het aa_lpd1 if aa_mdist!=. & `base' & ln_le60!=., rob

Linear regression                               Number of obs     =        113
                                                F(1, 111)         =      11.23
                                                Prob > F          =     0.0011
                                                R-squared         =     0.0626
                                                Root MSE          =     .06849

------------------------------------------------------------------------------
             |               Robust
  ln_hla_het |      Coef.   Std. Err.      t    P>|t|     [95% Conf. Interval]
-------------+----------------------------------------------------------------
     aa_lpd1 |    .014363   .0042865     3.35   0.001     .0058691    .0228569
       _cons |  -1.154714   .0074313  -155.39   0.000     -1.16944   -1.139989
------------------------------------------------------------------------------

. 
. reg ln_hla_het aa_lpd1 aa_mdist if aa_mdist!=. & `base' & ln_le60!=., rob

Linear regression                               Number of obs     =        113
                                                F(2, 110)         =      37.73
                                                Prob > F          =     0.0000
                                                R-squared         =     0.4578
                                                Root MSE          =     .05233

------------------------------------------------------------------------------
             |               Robust
  ln_hla_het |      Coef.   Std. Err.      t    P>|t|     [95% Conf. Interval]
-------------+----------------------------------------------------------------
     aa_lpd1 |   .0158342   .0032576     4.86   0.000     .0093785    .0222899
    aa_mdist |  -.0123827   .0015009    -8.25   0.000    -.0153571   -.0094084
       _cons |  -1.072103   .0100197  -107.00   0.000     -1.09196   -1.052247
------------------------------------------------------------------------------

. qui log off
set more off

. log using "replication_hla_base_tables.log", replace
log file already open
r(604);

. 
. #for this code to work it is necessary to declare the directory of the compute
> r where the database is located
Unknown #command

. cd "C:\Users\USUARIO\Desktop\Summer school\Trabajos\Replication_paper\raw" 
C:\Users\USUARIO\Desktop\Summer school\Trabajos\Replication_paper\raw

. 
. use "hla_country_web.dta", clear

. 
. local cont "europe africa asia americas"

. local base "ln_le60!=. & ln_hla_het!=. & ln_frac!=. & ln_abslat!=. & ln_arable
> !=. & ln_suitavg!=. & aa_ln_atd!=."

. local bc "ln_frac aa_ln_atd ln_arable ln_suitavg ln_abslat"

. qui log off
reg ln_hla_het aa_ln_atd if aa_mdist!=. & `base' & ln_le60!=., rob

Linear regression                               Number of obs     =        131
                                                F(1, 129)         =       4.65
                                                Prob > F          =     0.0329
                                                R-squared         =     0.0217
                                                Root MSE          =     .06738

------------------------------------------------------------------------------
             |               Robust
  ln_hla_het |      Coef.   Std. Err.      t    P>|t|     [95% Conf. Interval]
-------------+----------------------------------------------------------------
   aa_ln_atd |   .0211444   .0098049     2.16   0.033     .0017451    .0405438
       _cons |  -1.326062    .084678   -15.66   0.000      -1.4936   -1.158525
------------------------------------------------------------------------------

. 
. reg ln_hla_het aa_ln_atd aa_mdist if aa_mdist!=. & ln_le60!=. & `base', rob

Linear regression                               Number of obs     =        131
                                                F(2, 128)         =      37.36
                                                Prob > F          =     0.0000
                                                R-squared         =     0.4265
                                                Root MSE          =     .05179

------------------------------------------------------------------------------
             |               Robust
  ln_hla_het |      Coef.   Std. Err.      t    P>|t|     [95% Conf. Interval]
-------------+----------------------------------------------------------------
   aa_ln_atd |   .0299843   .0086383     3.47   0.001     .0128921    .0470766
    aa_mdist |  -.0120634   .0014224    -8.48   0.000    -.0148779    -.009249
       _cons |  -1.321902   .0729942   -18.11   0.000    -1.466333    -1.17747
------------------------------------------------------------------------------

. 
. reg ln_hla_het aa_lanim if aa_mdist!=. & `base' & ln_le60!=., rob

Linear regression                               Number of obs     =         89
                                                F(1, 87)          =      17.05
                                                Prob > F          =     0.0001
                                                R-squared         =     0.1176
                                                Root MSE          =     .07228

------------------------------------------------------------------------------
             |               Robust
  ln_hla_het |      Coef.   Std. Err.      t    P>|t|     [95% Conf. Interval]
-------------+----------------------------------------------------------------
    aa_lanim |   .0266128   .0064443     4.13   0.000     .0138042    .0394215
       _cons |  -1.189394   .0126485   -94.03   0.000    -1.214534   -1.164254
------------------------------------------------------------------------------

. 
. reg ln_hla_het aa_lanim aa_mdist if aa_mdist!=. & `base' & ln_le60!=., rob

Linear regression                               Number of obs     =         89
                                                F(2, 86)          =      52.15
                                                Prob > F          =     0.0000
                                                R-squared         =     0.5968
                                                Root MSE          =     .04914

------------------------------------------------------------------------------
             |               Robust
  ln_hla_het |      Coef.   Std. Err.      t    P>|t|     [95% Conf. Interval]
-------------+----------------------------------------------------------------
    aa_lanim |   .0360532   .0050961     7.07   0.000     .0259225     .046184
    aa_mdist |   -.013321   .0014938    -8.92   0.000    -.0162905   -.0103515
       _cons |  -1.109316   .0107794  -102.91   0.000    -1.130745   -1.087888
------------------------------------------------------------------------------

. 
. reg ln_hla_het aa_lpd1 if aa_mdist!=. & `base' & ln_le60!=., rob

Linear regression                               Number of obs     =        113
                                                F(1, 111)         =      11.23
                                                Prob > F          =     0.0011
                                                R-squared         =     0.0626
                                                Root MSE          =     .06849

------------------------------------------------------------------------------
             |               Robust
  ln_hla_het |      Coef.   Std. Err.      t    P>|t|     [95% Conf. Interval]
-------------+----------------------------------------------------------------
     aa_lpd1 |    .014363   .0042865     3.35   0.001     .0058691    .0228569
       _cons |  -1.154714   .0074313  -155.39   0.000     -1.16944   -1.139989
------------------------------------------------------------------------------

. 
. reg ln_hla_het aa_lpd1 aa_mdist if aa_mdist!=. & `base' & ln_le60!=., rob

Linear regression                               Number of obs     =        113
                                                F(2, 110)         =      37.73
                                                Prob > F          =     0.0000
                                                R-squared         =     0.4578
                                                Root MSE          =     .05233

------------------------------------------------------------------------------
             |               Robust
  ln_hla_het |      Coef.   Std. Err.      t    P>|t|     [95% Conf. Interval]
-------------+----------------------------------------------------------------
     aa_lpd1 |   .0158342   .0032576     4.86   0.000     .0093785    .0222899
    aa_mdist |  -.0123827   .0015009    -8.25   0.000    -.0153571   -.0094084
       _cons |  -1.072103   .0100197  -107.00   0.000     -1.09196   -1.052247
------------------------------------------------------------------------------

. qui log off
reg ln_mort40 ln_hla_het if `base', rob

Linear regression                               Number of obs     =         73
                                                F(1, 71)          =      49.51
                                                Prob > F          =     0.0000
                                                R-squared         =     0.3488
                                                Root MSE          =     .49154

------------------------------------------------------------------------------
             |               Robust
   ln_mort40 |      Coef.   Std. Err.      t    P>|t|     [95% Conf. Interval]
-------------+----------------------------------------------------------------
  ln_hla_het |  -5.007995    .711708    -7.04   0.000    -6.427101    -3.58889
       _cons |  -6.672417   .8309391    -8.03   0.000    -8.329263   -5.015572
------------------------------------------------------------------------------

. 
. reg ln_mort40 ln_hla_het `bc' `cont' if `base', rob

Linear regression                               Number of obs     =         73
                                                F(10, 62)         =      15.93
                                                Prob > F          =     0.0000
                                                R-squared         =     0.5133
                                                Root MSE          =     .45476

------------------------------------------------------------------------------
             |               Robust
   ln_mort40 |      Coef.   Std. Err.      t    P>|t|     [95% Conf. Interval]
-------------+----------------------------------------------------------------
  ln_hla_het |  -3.861032   1.128212    -3.42   0.001    -6.116297   -1.605768
     ln_frac |  -.3970101   .3960854    -1.00   0.320    -1.188773    .3947533
   aa_ln_atd |   .5975243   .2358444     2.53   0.014     .1260782    1.068971
   ln_arable |   .0448605   .1220245     0.37   0.714    -.1990631    .2887841
  ln_suitavg |   .0361975   .0844383     0.43   0.670    -.1325923    .2049874
   ln_abslat |  -.3260423   .1296545    -2.51   0.015     -.585218   -.0668665
      europe |   .1074832   .1696108     0.63   0.529    -.2315639    .4465303
      africa |   .4589723   .2152117     2.13   0.037     .0287701    .8891744
        asia |   .1722149   .2033102     0.85   0.400    -.2341963    .5786261
    americas |   .1102584   .1877282     0.59   0.559     -.265005    .4855218
       _cons |  -9.575309   2.730034    -3.51   0.001    -15.03257    -4.11805
------------------------------------------------------------------------------

. 
. reg ln_le40 ln_hla_het if `base', rob

Linear regression                               Number of obs     =         71
                                                F(1, 69)          =      41.94
                                                Prob > F          =     0.0000
                                                R-squared         =     0.3329
                                                Root MSE          =     .21596

------------------------------------------------------------------------------
             |               Robust
     ln_le40 |      Coef.   Std. Err.      t    P>|t|     [95% Conf. Interval]
-------------+----------------------------------------------------------------
  ln_hla_het |   2.143586   .3309808     6.48   0.000     1.483298    2.803875
       _cons |    6.25536   .3783145    16.53   0.000     5.500643    7.010076
------------------------------------------------------------------------------

. 
. reg ln_le40 ln_hla_het `bc' `cont' if `base', rob

Linear regression                               Number of obs     =         71
                                                F(10, 60)         =      44.93
                                                Prob > F          =     0.0000
                                                R-squared         =     0.7192
                                                Root MSE          =     .15026

------------------------------------------------------------------------------
             |               Robust
     ln_le40 |      Coef.   Std. Err.      t    P>|t|     [95% Conf. Interval]
-------------+----------------------------------------------------------------
  ln_hla_het |   1.077113   .3770962     2.86   0.006      .322808    1.831418
     ln_frac |    .072362    .133847     0.54   0.591    -.1953719    .3400959
   aa_ln_atd |  -.0030757   .0549058    -0.06   0.956    -.1129035    .1067522
   ln_arable |  -.1059797   .0365892    -2.90   0.005     -.179169   -.0327905
  ln_suitavg |   .0529932   .0238341     2.22   0.030     .0053179    .1006686
   ln_abslat |    .098031   .0409504     2.39   0.020     .0161181    .1799439
      europe |   -.052723   .0434553    -1.21   0.230    -.1396465    .0342005
      africa |  -.5020729   .0592995    -8.47   0.000    -.6206896   -.3834562
        asia |  -.3398571   .0565811    -6.01   0.000    -.4530363    -.226678
    americas |  -.3291928   .0621135    -5.30   0.000    -.4534382   -.2049474
       _cons |   5.316719   .5542282     9.59   0.000     4.208097     6.42534
------------------------------------------------------------------------------

. 
. reg ln_le60 ln_hla_het if `base', rob

Linear regression                               Number of obs     =        131
                                                F(1, 129)         =      43.55
                                                Prob > F          =     0.0000
                                                R-squared         =     0.2271
                                                Root MSE          =     .20359

------------------------------------------------------------------------------
             |               Robust
     ln_le60 |      Coef.   Std. Err.      t    P>|t|     [95% Conf. Interval]
-------------+----------------------------------------------------------------
  ln_hla_het |   1.620043   .2454809     6.60   0.000     1.134353    2.105733
       _cons |   5.814552   .2829132    20.55   0.000     5.254801    6.374303
------------------------------------------------------------------------------

. 
. reg ln_le60 ln_hla_het `bc' `cont' if `base', rob

Linear regression                               Number of obs     =        131
                                                F(10, 120)        =     100.89
                                                Prob > F          =     0.0000
                                                R-squared         =     0.7446
                                                Root MSE          =     .12133

------------------------------------------------------------------------------
             |               Robust
     ln_le60 |      Coef.   Std. Err.      t    P>|t|     [95% Conf. Interval]
-------------+----------------------------------------------------------------
  ln_hla_het |    1.01512   .1899264     5.34   0.000     .6390794    1.391161
     ln_frac |  -.1210012   .0927409    -1.30   0.194    -.3046217    .0626193
   aa_ln_atd |   .0369984   .0397486     0.93   0.354    -.0417011    .1156979
   ln_arable |  -.0086997   .0159756    -0.54   0.587    -.0403303    .0229309
  ln_suitavg |    .008039   .0128307     0.63   0.532     -.017365    .0334429
   ln_abslat |   .0199086   .0156461     1.27   0.206    -.0110696    .0508867
      europe |   .0387395   .0716524     0.54   0.590    -.1031272    .1806062
      africa |  -.3122101   .0754901    -4.14   0.000    -.4616753    -.162745
        asia |  -.2056222   .0755278    -2.72   0.007     -.355162   -.0560825
    americas |  -.0400593   .0736294    -0.54   0.587    -.1858403    .1057217
       _cons |   4.962063   .4156831    11.94   0.000     4.139039    5.785086
------------------------------------------------------------------------------

. qui log off
set more off

. log using "replication_hla_base_tables.log", replace
log file already open
r(604);

. 
. #for this code to work it is necessary to declare the directory of the compute
> r where the database is located
Unknown #command

. cd "C:\Users\USUARIO\Desktop\Summer school\Trabajos\Replication_paper\raw" 
C:\Users\USUARIO\Desktop\Summer school\Trabajos\Replication_paper\raw

. 
. use "hla_country_web.dta", clear

. qui log off
set more off

. log using "replication_hla_base_tables.log", replace
log file already open
r(604);

. 
. #for this code to work it is necessary to declare the directory of the compute
> r where the database is located
Unknown #command

. cd "C:\Users\USUARIO\Desktop\Summer school\Trabajos\Replication_paper\raw" 
C:\Users\USUARIO\Desktop\Summer school\Trabajos\Replication_paper\raw

. 
. use "hla_country_web.dta", clear

. 
. local cont "europe africa asia americas"

. local base "ln_le60!=. & ln_hla_het!=. & ln_frac!=. & ln_abslat!=. & ln_arable
> !=. & ln_suitavg!=. & aa_ln_atd!=."

. local bc "ln_frac aa_ln_atd ln_arable ln_suitavg ln_abslat"

. qui log off
